\BOOKMARK [1][-]{section.1}{Neutrino Masses}{}% 1
\BOOKMARK [2][-]{subsection.1.1}{Starting Point: The Standard Model}{section.1}% 2
\BOOKMARK [2][-]{subsection.1.2}{Majorana Neutrino Masses}{section.1}% 3
\BOOKMARK [2][-]{subsection.1.3}{Tree Level Realisations of Majorana Masses}{section.1}% 4
\BOOKMARK [1][-]{section.2}{Linking Dark Matter and Majorana Neutrinos}{}% 5
\BOOKMARK [2][-]{subsection.2.1}{Introduction to Dark Matter}{section.2}% 6
\BOOKMARK [2][-]{subsection.2.2}{Understanding the Role of Z_2}{section.2}% 7
\BOOKMARK [2][-]{subsection.2.3}{The Toy Model: SU\(2\)_L U\(1\)_Y Z_2}{section.2}% 8
\BOOKMARK [3][-]{subsubsection.2.3.1}{Particle Content}{subsection.2.3}% 9
\BOOKMARK [3][-]{subsubsection.2.3.2}{The Higgs Potential}{subsection.2.3}% 10
\BOOKMARK [3][-]{subsubsection.2.3.3}{Yukawa Sector}{subsection.2.3}% 11
\BOOKMARK [3][-]{subsubsection.2.3.4}{Generating Neutrino Mass}{subsection.2.3}% 12
\BOOKMARK [3][-]{subsubsection.2.3.5}{Scalar Degrees of Freedom}{subsection.2.3}% 13
\BOOKMARK [1][-]{section.3}{The Low Energy Effective Field Theory}{}% 14
\BOOKMARK [2][-]{subsection.3.1}{The Lagrangian and Particle Content}{section.3}% 15
\BOOKMARK [3][-]{subsubsection.3.1.1}{Why must it be an effective theory?}{subsection.3.1}% 16
\BOOKMARK [2][-]{subsection.3.2}{Generation of Neutrino Masses}{section.3}% 17
\BOOKMARK [3][-]{subsubsection.3.2.1}{Case 1: Real Scalar Field}{subsection.3.2}% 18
\BOOKMARK [3][-]{subsubsection.3.2.2}{Case 2: Complex Scalar Field}{subsection.3.2}% 19
\BOOKMARK [2][-]{subsection.3.3}{Astrophysical, Cosmological, and Particle Physics Constraints}{section.3}% 20
\BOOKMARK [3][-]{subsubsection.3.3.1}{Dark Matter Annihilation Cross Section}{subsection.3.3}% 21
\BOOKMARK [3][-]{subsubsection.3.3.2}{Light Meson and Tau Decay}{subsection.3.3}% 22
\BOOKMARK [3][-]{subsubsection.3.3.3}{Additional Constraints}{subsection.3.3}% 23
\BOOKMARK [1][-]{section.4}{UV Completions of the Effective Model}{}% 24
\BOOKMARK [2][-]{subsection.4.1}{Real Scalar Dark Matter}{section.4}% 25
\BOOKMARK [3][-]{subsubsection.4.1.1}{The Low Energy Spectrum}{subsection.4.1}% 26
\BOOKMARK [3][-]{subsubsection.4.1.2}{Phenomenology}{subsection.4.1}% 27
\BOOKMARK [2][-]{subsection.4.2}{Complex Scalar Dark Matter}{section.4}% 28
\BOOKMARK [3][-]{subsubsection.4.2.1}{G-Symmetry Breaking}{subsection.4.2}% 29
\BOOKMARK [3][-]{subsubsection.4.2.2}{The Scalar Spectrum}{subsection.4.2}% 30
\BOOKMARK [3][-]{subsubsection.4.2.3}{Phenomenology}{subsection.4.2}% 31
\BOOKMARK [1][-]{section.5}{Concluding Remarks}{}% 32
