\BOOKMARK [1][-]{section.1}{Introduction}{}% 1
\BOOKMARK [1][-]{section.2}{IceCube and IceCube-170922A}{}% 2
\BOOKMARK [2][-]{subsection.2.1}{The IceCube Detector}{section.2}% 3
\BOOKMARK [2][-]{subsection.2.2}{TXS 0506+056}{section.2}% 4
\BOOKMARK [1][-]{section.3}{The Mean Free Path}{}% 5
\BOOKMARK [2][-]{subsection.3.1}{Luminosity Theory}{section.3}% 6
\BOOKMARK [2][-]{subsection.3.2}{The Numerical Integration}{section.3}% 7
\BOOKMARK [1][-]{section.4}{Cross-Sections, Channels, and Redshift}{}% 8
\BOOKMARK [2][-]{subsection.4.1}{Why we Only Need One Process}{section.4}% 9
\BOOKMARK [2][-]{subsection.4.2}{Contribution from }{section.4}% 10
\BOOKMARK [3][-]{subsubsection.4.2.1}{t-Channel Cross Section}{subsection.4.2}% 11
\BOOKMARK [3][-]{subsubsection.4.2.2}{s-Channel Cross Section}{subsection.4.2}% 12
\BOOKMARK [3][-]{subsubsection.4.2.3}{Number Density on Cosmological Scales}{subsection.4.2}% 13
\BOOKMARK [3][-]{subsubsection.4.2.4}{Number Density on Galactic Scales}{subsection.4.2}% 14
\BOOKMARK [2][-]{subsection.4.3}{Mass Splitting and a Factor of Three}{section.4}% 15
\BOOKMARK [2][-]{subsection.4.4}{Redshift}{section.4}% 16
\BOOKMARK [1][-]{section.5}{Including Neutrino Mass Hierarchies}{}% 17
\BOOKMARK [2][-]{subsection.5.1}{Mass Eigenstates and the PMNS Matrix}{section.5}% 18
\BOOKMARK [2][-]{subsection.5.2}{The Mass Hierarchy}{section.5}% 19
\BOOKMARK [2][-]{subsection.5.3}{Constraints on the Masses}{section.5}% 20
\BOOKMARK [2][-]{subsection.5.4}{The Coupling Constants}{section.5}% 21
\BOOKMARK [1][-]{section.6}{Neutrino Clustering}{}% 22
\BOOKMARK [1][-]{section.7}{Conclusions}{}% 23
