\BOOKMARK [1][-]{section.1}{Introduction}{}% 1
\BOOKMARK [1][-]{section.2}{Linking Dark Matter and Neutrino Mass}{}% 2
\BOOKMARK [2][-]{subsection.2.1}{How to Generate a Neutrino Mass}{section.2}% 3
\BOOKMARK [2][-]{subsection.2.2}{Dark Matter and the Role of Z_2}{section.2}% 4
\BOOKMARK [1][-]{section.3}{The Low Energy Effective Field Theory}{}% 5
\BOOKMARK [2][-]{subsection.3.1}{The Lagrangian and Particle Content}{section.3}% 6
\BOOKMARK [2][-]{subsection.3.2}{Generation of Neutrino Masses}{section.3}% 7
\BOOKMARK [2][-]{subsection.3.3}{Astrophysical, Cosmological, and Particle Physics Constraints}{section.3}% 8
\BOOKMARK [2][-]{subsection.3.4}{ Cross Section}{section.3}% 9
\BOOKMARK [1][-]{section.4}{IceCube, IceCube-170922A, and TXS 0506+056}{}% 10
\BOOKMARK [1][-]{section.5}{The Neutrino Luminosity from TXS 0506+056}{}% 11
\BOOKMARK [2][-]{subsection.5.1}{Discussion regarding the consistency of the neutrino and photon flux}{section.5}% 12
\BOOKMARK [1][-]{section.6}{Assumptions in our Approach}{}% 13
\BOOKMARK [2][-]{subsection.6.1}{Why do we only have to worry about one process?}{section.6}% 14
\BOOKMARK [2][-]{subsection.6.2}{Contribution from }{section.6}% 15
\BOOKMARK [2][-]{subsection.6.3}{Mass Splitting in the Complex Case}{section.6}% 16
\BOOKMARK [2][-]{subsection.6.4}{Redshift Considerations}{section.6}% 17
\BOOKMARK [2][-]{subsection.6.5}{Including Neutrino Mass Hierarchies}{section.6}% 18
\BOOKMARK [2][-]{subsection.6.6}{The Coupling Constants}{section.6}% 19
\BOOKMARK [2][-]{subsection.6.7}{Neutrino Clustering}{section.6}% 20
\BOOKMARK [1][-]{section.7}{Results}{}% 21
\BOOKMARK [2][-]{subsection.7.1}{Parameter Choices}{section.7}% 22
\BOOKMARK [2][-]{subsection.7.2}{Analysis}{section.7}% 23
\BOOKMARK [1][-]{section.8}{Conclusions}{}% 24
\BOOKMARK [1][-]{appendix.A}{Full Results}{}% 25
