This is pdfTeX, Version 3.14159265-2.6-1.40.17 (TeX Live 2016) (preloaded format=pdflatex 2017.1.8)  20 DEC 2018 09:59
entering extended mode
 restricted \write18 enabled.
 %&-line parsing enabled.
**subplots.tex
(./subplots.tex
LaTeX2e <2016/03/31>
Babel <3.9r> and hyphenation patterns for 83 language(s) loaded.
(/usr/local/texlive/2016/texmf-dist/tex/latex/base/article.cls
Document Class: article 2014/09/29 v1.4h Standard LaTeX document class
(/usr/local/texlive/2016/texmf-dist/tex/latex/base/size10.clo
File: size10.clo 2014/09/29 v1.4h Standard LaTeX file (size option)
)
\c@part=\count79
\c@section=\count80
\c@subsection=\count81
\c@subsubsection=\count82
\c@paragraph=\count83
\c@subparagraph=\count84
\c@figure=\count85
\c@table=\count86
\abovecaptionskip=\skip41
\belowcaptionskip=\skip42
\bibindent=\dimen102
)
(/usr/local/texlive/2016/texmf-dist/tex/latex/geometry/geometry.sty
Package: geometry 2010/09/12 v5.6 Page Geometry

(/usr/local/texlive/2016/texmf-dist/tex/latex/graphics/keyval.sty
Package: keyval 2014/10/28 v1.15 key=value parser (DPC)
\KV@toks@=\toks14
)
(/usr/local/texlive/2016/texmf-dist/tex/generic/oberdiek/ifpdf.sty
Package: ifpdf 2016/05/14 v3.1 Provides the ifpdf switch
)
(/usr/local/texlive/2016/texmf-dist/tex/generic/oberdiek/ifvtex.sty
Package: ifvtex 2016/05/16 v1.6 Detect VTeX and its facilities (HO)
Package ifvtex Info: VTeX not detected.
)
(/usr/local/texlive/2016/texmf-dist/tex/generic/ifxetex/ifxetex.sty
Package: ifxetex 2010/09/12 v0.6 Provides ifxetex conditional
)
\Gm@cnth=\count87
\Gm@cntv=\count88
\c@Gm@tempcnt=\count89
\Gm@bindingoffset=\dimen103
\Gm@wd@mp=\dimen104
\Gm@odd@mp=\dimen105
\Gm@even@mp=\dimen106
\Gm@layoutwidth=\dimen107
\Gm@layoutheight=\dimen108
\Gm@layouthoffset=\dimen109
\Gm@layoutvoffset=\dimen110
\Gm@dimlist=\toks15
)
(/usr/local/texlive/2016/texmf-dist/tex/latex/graphics/graphicx.sty
Package: graphicx 2014/10/28 v1.0g Enhanced LaTeX Graphics (DPC,SPQR)

(/usr/local/texlive/2016/texmf-dist/tex/latex/graphics/graphics.sty
Package: graphics 2016/05/09 v1.0r Standard LaTeX Graphics (DPC,SPQR)

(/usr/local/texlive/2016/texmf-dist/tex/latex/graphics/trig.sty
Package: trig 2016/01/03 v1.10 sin cos tan (DPC)
)
(/usr/local/texlive/2016/texmf-dist/tex/latex/graphics-cfg/graphics.cfg
File: graphics.cfg 2016/01/02 v1.10 sample graphics configuration
)
Package graphics Info: Driver file: pdftex.def on input line 96.

(/usr/local/texlive/2016/texmf-dist/tex/latex/pdftex-def/pdftex.def
File: pdftex.def 2011/05/27 v0.06d Graphics/color for pdfTeX

(/usr/local/texlive/2016/texmf-dist/tex/generic/oberdiek/infwarerr.sty
Package: infwarerr 2016/05/16 v1.4 Providing info/warning/error messages (HO)
)
(/usr/local/texlive/2016/texmf-dist/tex/generic/oberdiek/ltxcmds.sty
Package: ltxcmds 2016/05/16 v1.23 LaTeX kernel commands for general use (HO)
)
\Gread@gobject=\count90
))
\Gin@req@height=\dimen111
\Gin@req@width=\dimen112
)
(./subplots.aux)
\openout1 = `subplots.aux'.

LaTeX Font Info:    Checking defaults for OML/cmm/m/it on input line 4.
LaTeX Font Info:    ... okay on input line 4.
LaTeX Font Info:    Checking defaults for T1/cmr/m/n on input line 4.
LaTeX Font Info:    ... okay on input line 4.
LaTeX Font Info:    Checking defaults for OT1/cmr/m/n on input line 4.
LaTeX Font Info:    ... okay on input line 4.
LaTeX Font Info:    Checking defaults for OMS/cmsy/m/n on input line 4.
LaTeX Font Info:    ... okay on input line 4.
LaTeX Font Info:    Checking defaults for OMX/cmex/m/n on input line 4.
LaTeX Font Info:    ... okay on input line 4.
LaTeX Font Info:    Checking defaults for U/cmr/m/n on input line 4.
LaTeX Font Info:    ... okay on input line 4.

*geometry* driver: auto-detecting
*geometry* detected driver: pdftex
*geometry* verbose mode - [ preamble ] result:
* driver: pdftex
* paper: <default>
* layout: <same size as paper>
* layoutoffset:(h,v)=(0.0pt,0.0pt)
* modes: 
* h-part:(L,W,R)=(72.26999pt, 469.75502pt, 72.26999pt)
* v-part:(T,H,B)=(72.26999pt, 650.43001pt, 72.26999pt)
* \paperwidth=614.295pt
* \paperheight=794.96999pt
* \textwidth=469.75502pt
* \textheight=650.43001pt
* \oddsidemargin=0.0pt
* \evensidemargin=0.0pt
* \topmargin=-37.0pt
* \headheight=12.0pt
* \headsep=25.0pt
* \topskip=10.0pt
* \footskip=30.0pt
* \marginparwidth=65.0pt
* \marginparsep=11.0pt
* \columnsep=10.0pt
* \skip\footins=9.0pt plus 4.0pt minus 2.0pt
* \hoffset=0.0pt
* \voffset=0.0pt
* \mag=1000
* \@twocolumnfalse
* \@twosidefalse
* \@mparswitchfalse
* \@reversemarginfalse
* (1in=72.27pt=25.4mm, 1cm=28.453pt)

(/usr/local/texlive/2016/texmf-dist/tex/context/base/mkii/supp-pdf.mkii
[Loading MPS to PDF converter (version 2006.09.02).]
\scratchcounter=\count91
\scratchdimen=\dimen113
\scratchbox=\box26
\nofMPsegments=\count92
\nofMParguments=\count93
\everyMPshowfont=\toks16
\MPscratchCnt=\count94
\MPscratchDim=\dimen114
\MPnumerator=\count95
\makeMPintoPDFobject=\count96
\everyMPtoPDFconversion=\toks17
) (/usr/local/texlive/2016/texmf-dist/tex/generic/oberdiek/pdftexcmds.sty
Package: pdftexcmds 2016/05/10 v0.21 Utility functions of pdfTeX for LuaTeX (HO
)

(/usr/local/texlive/2016/texmf-dist/tex/generic/oberdiek/ifluatex.sty
Package: ifluatex 2016/05/16 v1.4 Provides the ifluatex switch (HO)
Package ifluatex Info: LuaTeX not detected.
)
Package pdftexcmds Info: LuaTeX not detected.
Package pdftexcmds Info: \pdf@primitive is available.
Package pdftexcmds Info: \pdf@ifprimitive is available.
Package pdftexcmds Info: \pdfdraftmode found.
)
(/usr/local/texlive/2016/texmf-dist/tex/latex/oberdiek/epstopdf-base.sty
Package: epstopdf-base 2016/05/15 v2.6 Base part for package epstopdf

(/usr/local/texlive/2016/texmf-dist/tex/latex/oberdiek/grfext.sty
Package: grfext 2016/05/16 v1.2 Manage graphics extensions (HO)

(/usr/local/texlive/2016/texmf-dist/tex/generic/oberdiek/kvdefinekeys.sty
Package: kvdefinekeys 2016/05/16 v1.4 Define keys (HO)
))
(/usr/local/texlive/2016/texmf-dist/tex/latex/oberdiek/kvoptions.sty
Package: kvoptions 2016/05/16 v3.12 Key value format for package options (HO)

(/usr/local/texlive/2016/texmf-dist/tex/generic/oberdiek/kvsetkeys.sty
Package: kvsetkeys 2016/05/16 v1.17 Key value parser (HO)

(/usr/local/texlive/2016/texmf-dist/tex/generic/oberdiek/etexcmds.sty
Package: etexcmds 2016/05/16 v1.6 Avoid name clashes with e-TeX commands (HO)
Package etexcmds Info: Could not find \expanded.
(etexcmds)             That can mean that you are not using pdfTeX 1.50 or
(etexcmds)             that some package has redefined \expanded.
(etexcmds)             In the latter case, load this package earlier.
)))
Package grfext Info: Graphics extension search list:
(grfext)             [.png,.pdf,.jpg,.mps,.jpeg,.jbig2,.jb2,.PNG,.PDF,.JPG,.JPE
G,.JBIG2,.JB2,.eps]
(grfext)             \AppendGraphicsExtensions on input line 456.

(/usr/local/texlive/2016/texmf-dist/tex/latex/latexconfig/epstopdf-sys.cfg
File: epstopdf-sys.cfg 2010/07/13 v1.3 Configuration of (r)epstopdf for TeX Liv
e
))
<1.pdf, id=1, 578.16pt x 578.16pt>
File: 1.pdf Graphic file (type pdf)
 <use 1.pdf>
Package pdftex.def Info: 1.pdf used on input line 8.
(pdftex.def)             Requested size: 140.92793pt x 140.92262pt.

<2.pdf, id=2, 578.16pt x 578.16pt>
File: 2.pdf Graphic file (type pdf)
 <use 2.pdf>
Package pdftex.def Info: 2.pdf used on input line 9.
(pdftex.def)             Requested size: 140.92793pt x 140.92262pt.

<3.pdf, id=3, 578.16pt x 578.16pt>
File: 3.pdf Graphic file (type pdf)
 <use 3.pdf>
Package pdftex.def Info: 3.pdf used on input line 10.
(pdftex.def)             Requested size: 140.92793pt x 140.92262pt.

<4.pdf, id=4, 578.16pt x 578.16pt>
File: 4.pdf Graphic file (type pdf)
 <use 4.pdf>
Package pdftex.def Info: 4.pdf used on input line 14.
(pdftex.def)             Requested size: 140.92793pt x 140.92262pt.

<5.pdf, id=5, 578.16pt x 578.16pt>
File: 5.pdf Graphic file (type pdf)
 <use 5.pdf>
Package pdftex.def Info: 5.pdf used on input line 15.
(pdftex.def)             Requested size: 140.92793pt x 140.92262pt.

<6.pdf, id=6, 578.16pt x 578.16pt>
File: 6.pdf Graphic file (type pdf)
 <use 6.pdf>
Package pdftex.def Info: 6.pdf used on input line 16.
(pdftex.def)             Requested size: 140.92793pt x 140.92262pt.

<7.pdf, id=7, 578.16pt x 578.16pt>
File: 7.pdf Graphic file (type pdf)
 <use 7.pdf>
Package pdftex.def Info: 7.pdf used on input line 20.
(pdftex.def)             Requested size: 140.92793pt x 140.92262pt.

<8.pdf, id=8, 578.16pt x 578.16pt>
File: 8.pdf Graphic file (type pdf)
 <use 8.pdf>
Package pdftex.def Info: 8.pdf used on input line 21.
(pdftex.def)             Requested size: 140.92793pt x 140.92262pt.

<9.pdf, id=9, 578.16pt x 578.16pt>
File: 9.pdf Graphic file (type pdf)
 <use 9.pdf>
Package pdftex.def Info: 9.pdf used on input line 22.
(pdftex.def)             Requested size: 140.92793pt x 140.92262pt.

<10.pdf, id=10, 578.16pt x 578.16pt>
File: 10.pdf Graphic file (type pdf)
 <use 10.pdf>
Package pdftex.def Info: 10.pdf used on input line 26.
(pdftex.def)             Requested size: 140.92793pt x 140.92262pt.

<11.pdf, id=11, 578.16pt x 578.16pt>
File: 11.pdf Graphic file (type pdf)
 <use 11.pdf>
Package pdftex.def Info: 11.pdf used on input line 27.
(pdftex.def)             Requested size: 140.92793pt x 140.92262pt.
 [1{/usr/local/texlive/2016/texmf-var/fonts/map/pdftex/updmap/pdftex.map} <./1.
pdf> <./2.pdf

pdfTeX warning: pdflatex (file ./2.pdf): PDF inclusion: multiple pdfs with page
 group included in a single page
> <./3.pdf

pdfTeX warning: pdflatex (file ./3.pdf): PDF inclusion: multiple pdfs with page
 group included in a single page
> <./4.pdf

pdfTeX warning: pdflatex (file ./4.pdf): PDF inclusion: multiple pdfs with page
 group included in a single page
> <./5.pdf

pdfTeX warning: pdflatex (file ./5.pdf): PDF inclusion: multiple pdfs with page
 group included in a single page
> <./6.pdf

pdfTeX warning: pdflatex (file ./6.pdf): PDF inclusion: multiple pdfs with page
 group included in a single page
> <./7.pdf

pdfTeX warning: pdflatex (file ./7.pdf): PDF inclusion: multiple pdfs with page
 group included in a single page
> <./8.pdf

pdfTeX warning: pdflatex (file ./8.pdf): PDF inclusion: multiple pdfs with page
 group included in a single page
> <./9.pdf

pdfTeX warning: pdflatex (file ./9.pdf): PDF inclusion: multiple pdfs with page
 group included in a single page
> <./10.pdf

pdfTeX warning: pdflatex (file ./10.pdf): PDF inclusion: multiple pdfs with pag
e group included in a single page
> <./11.pdf

pdfTeX warning: pdflatex (file ./11.pdf): PDF inclusion: multiple pdfs with pag
e group included in a single page
>] (./subplots.aux) ) 
Here is how much of TeX's memory you used:
 1989 strings out of 493014
 28667 string characters out of 6133352
 92324 words of memory out of 5000000
 5530 multiletter control sequences out of 15000+600000
 3640 words of font info for 14 fonts, out of 8000000 for 9000
 1141 hyphenation exceptions out of 8191
 37i,5n,32p,236b,219s stack positions out of 5000i,500n,10000p,200000b,80000s
</usr/local/texlive/2016/texmf-dist/fonts/type1/public/ams
fonts/cm/cmmi12.pfb></usr/local/texlive/2016/texmf-dist/fonts/type1/public/amsf
onts/cm/cmr10.pfb></usr/local/texlive/2016/texmf-dist/fonts/type1/public/amsfon
ts/cm/cmr12.pfb></usr/local/texlive/2016/texmf-dist/fonts/type1/public/amsfonts
/cm/cmr17.pfb></usr/local/texlive/2016/texmf-dist/fonts/type1/public/amsfonts/c
m/cmsy10.pfb></usr/local/texlive/2016/texmf-dist/fonts/type1/urw/ncntrsbk/uncr8
a.pfb>
Output written on subplots.pdf (1 page, 339633 bytes).
PDF statistics:
 216 PDF objects out of 1000 (max. 8388607)
 194 compressed objects within 2 object streams
 0 named destinations out of 1000 (max. 500000)
 56 words of extra memory for PDF output out of 10000 (max. 10000000)

